vendor\vre30\src\arch\mtk\vmapparray.c
vendor\vre30\src\arch\mtk\vmcamera.c
vendor\vre30\src\arch\mtk\vmchset.c
vendor\vre30\src\arch\mtk\vmdes.c
vendor\vre30\src\arch\mtk\vmenv.c
vendor\vre30\src\arch\mtk\vmgps.c
vendor\vre30\src\arch\mtk\vmgraph.c
vendor\vre30\src\arch\mtk\vmhvgaapp.c
vendor\vre30\src\arch\mtk\vmime.c
vendor\vre30\src\arch\mtk\vmio.c
vendor\vre30\src\arch\mtk\vmkuro.c
vendor\vre30\src\arch\mtk\vmlog.c
vendor\vre30\src\arch\mtk\vmmacrostub.c
vendor\vre30\src\arch\mtk\vmmd5.c
vendor\vre30\src\arch\mtk\vmmm.c
vendor\vre30\src\arch\mtk\vmnvram.c
vendor\vre30\src\arch\mtk\vmnvramval.c
vendor\vre30\src\arch\mtk\vmoptions.c
vendor\vre30\src\arch\mtk\vmqcifapp.c
vendor\vre30\src\arch\mtk\vmqvgaapp.c
vendor\vre30\src\arch\mtk\vmrsa.c
vendor\vre30\src\arch\mtk\vmsalbitstream.c
vendor\vre30\src\arch\mtk\vmsalcell.c
vendor\vre30\src\arch\mtk\vmsalgps.c
vendor\vre30\src\arch\mtk\vmsalmm.c
vendor\vre30\src\arch\mtk\vmsalmms.c
vendor\vre30\src\arch\mtk\vmsalsensor.c
vendor\vre30\src\arch\mtk\vmsalsms.c
vendor\vre30\src\arch\mtk\vmsha1.c
vendor\vre30\src\arch\mtk\vmsim.c
vendor\vre30\src\arch\mtk\vmsms.c
vendor\vre30\src\arch\mtk\vmsock.c
vendor\vre30\src\arch\mtk\vmstatusbar.c
vendor\vre30\src\arch\mtk\vmsys.c
vendor\vre30\src\arch\mtk\vmtel.c
vendor\vre30\src\arch\mtk\vmtimer.c
vendor\vre30\src\arch\mtk\vmua.c
vendor\vre30\src\arch\mtk\vmwqvgaapp.c
vendor\vre30\src\arch\mtk\vmxml.c
vendor\vre30\src\arch\mtk\vmmem.c
vendor\vre30\src\arch\mtk\vmbevsm.c
vendor\vre30\src\arch\mtk\vmtheme.c
vendor\vre30\src\arch\mtk\vmcontact.c
vendor\vre30\src\arch\mtk\vmsalcontact.c
