plutommi\customer\custresource\custnfbprogressimg.c
plutommi\mmi\bidi\bidisrc\bidi.c
plutommi\mmi\bidi\bidisrc\bidi_l_rules.c
plutommi\mmi\bidi\bidisrc\bidicharmap.c
plutommi\mmi\bidi\bidisrc\bidipararules.c
plutommi\mmi\bidi\bidisrc\bidiprocessdatatypes.c
plutommi\mmi\commonscreens\commonscreenssrc\appmem.c
plutommi\mmi\commonscreens\commonscreenssrc\commonscreens.c
plutommi\mmi\debuglevels\debuglevelsrc\debuginit.c
plutommi\mmi\framework\commonfiles\commonsrc\FrameworkBackwardCompatible.c
plutommi\mmi\framework\eventhandling\eventssrc\event_handler.c
plutommi\mmi\framework\eventhandling\eventssrc\events.c
plutommi\mmi\framework\eventhandling\eventssrc\keybrd.c
plutommi\mmi\framework\eventhandling\eventssrc\mmitimer.c
plutommi\mmi\framework\eventhandling\eventssrc\sublcd_master.c
plutommi\mmi\framework\eventhandling\eventssrc\touchscreen.c
plutommi\mmi\framework\eventhandling\eventssrc\mmi_frm_gestures.c
plutommi\mmi\framework\eventhandling\eventssrc\mmi_frm_gestures_cfg.c
plutommi\mmi\framework\eventhandling\eventssrc\mmi_frm_qwerty.c
plutommi\mmi\Framework\EventHandling\EventsSrc\mmi_frm_key_routing.c
plutommi\mmi\framework\history\historysrc\history.c
plutommi\mmi\framework\history\historysrc\sublcdhistory.c
plutommi\mmi\framework\memmanager\memmanagersrc\appmemmgr.c
plutommi\mmi\framework\memmanager\memmanagersrc\resmemmgr.c
plutommi\mmi\framework\memmanager\memmanagersrc\scrmemmgr.c
plutommi\mmi\framework\memmanager\memmanagersrc\mmimemmonitor.c
plutommi\mmi\framework\memmanager\memmanagersrc\mmi_clipboard.c
plutommi\mmi\framework\nvrammanager\nvrammanagersrc\nvraminterface.c
plutommi\mmi\framework\tasks\taskssrc\mmitask.c
plutommi\mmi\framework\tasks\taskssrc\queue.c
plutommi\mmi\framework\tasks\taskssrc\taskinit.c
plutommi\mmi\framework\thememanager\thememanagersrc\themeconverterui.c
plutommi\mmi\framework\thememanager\thememanagersrc\themeconverterxml.c
plutommi\mmi\framework\thememanager\thememanagersrc\thememanager.c
plutommi\mmi\gui\gui_src\gui.c
plutommi\mmi\gui\gui_src\gui_asyncdynamic_menus.c
plutommi\mmi\gui\gui_src\gui_buttons.c
plutommi\mmi\gui\gui_src\gui_bytestream.c
plutommi\mmi\gui\gui_src\gui_calendar.c
plutommi\mmi\gui\gui_src\gui_clock.c
plutommi\mmi\gui\gui_src\gui_color_slider.c
plutommi\mmi\gui\gui_src\gui_custom_menus.c
plutommi\mmi\gui\gui_src\gui_dynamic_menus.c
plutommi\mmi\gui\gui_src\gui_ems.c
plutommi\mmi\gui\gui_src\gui_fixed_menuitems.c
plutommi\mmi\gui\gui_src\gui_fixed_menus.c
plutommi\mmi\gui\gui_src\gui_font_size.c
plutommi\mmi\GUI\OEM_SRC\gui_font_oem.c
plutommi\mmi\gui\gui_src\gui_hardware_dependent.c
plutommi\mmi\gui\gui_src\gui_inputs.c
plutommi\mmi\gui\gui_src\gui_inputs_cache.c
plutommi\mmi\gui\gui_src\gui_wcss_inputs.c
plutommi\mmi\gui\gui_src\gui_multi_line_inputs.c
plutommi\mmi\gui\gui_src\gui_single_line_inputs.c
plutommi\mmi\gui\gui_src\gui_ems_inputs.c
plutommi\mmi\gui\gui_src\gui_menu_shortcut.c
plutommi\mmi\gui\gui_src\gui_panel.c
plutommi\mmi\gui\gui_src\gui_scrollbars.c
plutommi\mmi\GUI\OEM_SRC\gui_scrollbars_oem.c
plutommi\mmi\gui\gui_src\gui_spectrum.c
plutommi\mmi\gui\gui_src\gui_tab_bars.c
plutommi\mmi\gui\oem_src\gui_tab_bars_oem.c
plutommi\mmi\gui\gui_src\gui_text_label.c
plutommi\mmi\gui\gui_src\gui_themes.c
plutommi\mmi\gui\gui_src\gui_title.c
plutommi\mmi\GUI\OEM_SRC\gui_title_oem.c
plutommi\mmi\gui\gui_src\gui_virtual_keyboard.c
plutommi\mmi\gui\gui_src\gui_icon_bar.c
plutommi\mmi\gui\gui_src\gui_windows.c
plutommi\mmi\gui\gui_src\gui_side_bar.c
plutommi\mmi\gui\gui_src\gui_toolbar.c
plutommi\mmi\gui\gui_src\gui_video.c
plutommi\mmi\gui\oem_src\gui_menu_oem.c
plutommi\mmi\gui\oem_src\gui_effect_oem.c
plutommi\mmi\gui\oem_src\gui_main_menu_oem.c
plutommi\mmi\gui\gui_src\wgui.c
plutommi\mmi\gui\gui_src\wgui_tree.c
plutommi\mmi\gui\gui_src\wgui_asyncdynamic_menuitems.c
plutommi\mmi\gui\gui_src\wgui_asyncdynamic_menus.c
plutommi\mmi\gui\gui_src\wgui_calendar.c
plutommi\mmi\gui\gui_src\wgui_categories.c
plutommi\mmi\gui\gui_src\wgui_categories_calendar.c
plutommi\mmi\gui\gui_src\wgui_categories_cm.c
plutommi\mmi\gui\gui_src\wgui_categories_dialer.c
plutommi\mmi\gui\gui_src\wgui_categories_email.c
plutommi\mmi\gui\gui_src\wgui_categories_ems.c
plutommi\mmi\gui\gui_src\wgui_categories_fmgr.c
plutommi\mmi\gui\gui_src\wgui_categories_idlescreen.c
plutommi\mmi\gui\gui_src\wgui_categories_idlescreen_op.c
plutommi\mmi\gui\gui_src\wgui_categories_imps.c
plutommi\mmi\gui\gui_src\wgui_categories_inputs.c
plutommi\mmi\gui\gui_src\wgui_categories_list.c
plutommi\mmi\gui\gui_src\wgui_categories_list_op.c
plutommi\mmi\gui\gui_src\wgui_categories_mm.c
plutommi\mmi\gui\gui_src\wgui_categories_mms.c
plutommi\mmi\gui\gui_src\wgui_categories_mms_viewer.c
plutommi\mmi\gui\gui_src\wgui_categories_multimedia.c
plutommi\mmi\gui\gui_src\wgui_categories_op.c
plutommi\mmi\gui\gui_src\wgui_categories_panel.c
plutommi\mmi\gui\gui_src\wgui_categories_pe.c
plutommi\mmi\gui\gui_src\wgui_categories_popup.c
plutommi\mmi\gui\gui_src\wgui_categories_popup_op.c
plutommi\mmi\gui\gui_src\wgui_categories_stopwatch.c
plutommi\mmi\gui\gui_src\wgui_categories_sublcd.c
plutommi\mmi\gui\gui_src\wgui_categories_tab.c
plutommi\mmi\gui\gui_src\wgui_categories_uce.c
plutommi\mmi\gui\gui_src\wgui_categories_util.c
plutommi\mmi\GUI\OEM_SRC\wgui_hint_oem.c
plutommi\mmi\gui\gui_src\wgui_clock.c
plutommi\mmi\gui\gui_src\wgui_datetime.c
plutommi\mmi\gui\gui_src\wgui_draw_manager.c
plutommi\mmi\gui\gui_src\wgui_dynamic_menuitems.c
plutommi\mmi\gui\gui_src\wgui_dynamic_menus.c
plutommi\mmi\gui\gui_src\wgui_ems.c
plutommi\mmi\gui\gui_src\wgui_fixed_menuitems.c
plutommi\mmi\gui\gui_src\wgui_fixed_menus.c
plutommi\mmi\gui\gui_src\wgui_inline_edit.c
plutommi\mmi\gui\gui_src\wgui_inputs.c
plutommi\mmi\gui\gui_src\wgui_inputs_multiline.c
plutommi\mmi\gui\gui_src\wgui_inputs_singleline.c
plutommi\mmi\gui\gui_src\wgui_inputs_dialer.c
plutommi\mmi\gui\gui_src\wgui_panel.c
plutommi\mmi\gui\gui_src\wgui_softkeys.c
plutommi\mmi\GUI\OEM_SRC\wgui_softkey_oem.c
plutommi\mmi\gui\gui_src\wgui_status_icons.c
plutommi\mmi\gui\gui_src\wgui_tab_bars.c
plutommi\mmi\gui\gui_src\wgui_text_label.c
plutommi\mmi\gui\gui_src\wgui_title.c
plutommi\mmi\gui\gui_src\wgui_touch_screen.c
plutommi\mmi\gui\gui_src\wgui_virtual_keyboard.c
plutommi\mmi\gui\gui_src\wgui_icon_bar.c
plutommi\mmi\gui\gui_src\wingui.c
plutommi\mmi\gui\gui_src\wgui_side_bar.c
plutommi\mmi\gui\gui_src\wgui_toolbar.c
plutommi\mmi\gui\gui_src\wgui_video.c
plutommi\mmi\gui\gui_src\gui_image.c
plutommi\mmi\gui\gui_src\wgui_image.c
plutommi\mmi\indiclanguages\indiclanguagessrc\bengali.c
plutommi\mmi\indiclanguages\indiclanguagessrc\assamese.c
plutommi\mmi\indiclanguages\indiclanguagessrc\hindi.c
plutommi\mmi\indiclanguages\indiclanguagessrc\malayalam.c
plutommi\mmi\indiclanguages\indiclanguagessrc\oriya.c
plutommi\mmi\indiclanguages\indiclanguagessrc\kannada.c
plutommi\mmi\indiclanguages\indiclanguagessrc\gujarati.c
plutommi\mmi\indiclanguages\indiclanguagessrc\indicruleengine.c
plutommi\mmi\indiclanguages\indiclanguagessrc\indicruleenginecommon.c
plutommi\mmi\indiclanguages\indiclanguagessrc\marathi.c
plutommi\mmi\indiclanguages\indiclanguagessrc\punjabi.c
plutommi\mmi\indiclanguages\indiclanguagessrc\tamil.c
plutommi\mmi\indiclanguages\indiclanguagessrc\telugu.c
plutommi\mmi\InputMethod\Engine\Engine_Src\Imc.c
plutommi\mmi\InputMethod\Engine\Engine_Src\Imc_key.c
plutommi\mmi\InputMethod\Engine\Engine_Src\Imc_pen.c
plutommi\mmi\InputMethod\Engine\Engine_Src\Imm.c
plutommi\mmi\InputMethod\Engine\Engine_Src\Imm_qwerty.c
plutommi\mmi\InputMethod\UI\UI_Src\Imui.c
plutommi\mmi\LangModule\LangModuleSrc\thai.c
plutommi\MMI\LangModule\LangModuleSrc\arabicshapingengine.c
plutommi\mmi\LangModule\LangModuleSrc\Viet.c
plutommi\mmi\LangModule\LangModuleSrc\Armenian.c
plutommi\mmi\LangModule\LangModuleSrc\CommonLang.c
plutommi\mmi\LangModule\LangModuleSrc\Indic.c
plutommi\mmi\LangModule\LangModuleSrc\ArabicLang.c
plutommi\mmi\LangModule\LangModuleSrc\LangModule.c
plutommi\mmi\miscframework\miscframeworksrc\ascii.c
plutommi\mmi\miscframework\miscframeworksrc\bootupapp.c
plutommi\mmi\miscframework\miscframeworksrc\bootupdualsim.c
plutommi\mmi\miscframework\miscframeworksrc\bootupmenuctrl.c
plutommi\mmi\miscframework\miscframeworksrc\checkdisk.c
plutommi\mmi\miscframework\miscframeworksrc\eons.c
plutommi\mmi\miscframework\miscframeworksrc\gsm7bitdefaultalphabet.c
plutommi\mmi\miscframework\miscframeworksrc\mempoolcontainer.c
plutommi\mmi\miscframework\miscframeworksrc\networkfunctions.c
plutommi\mmi\miscframework\miscframeworksrc\personalization.c
plutommi\mmi\miscframework\miscframeworksrc\pixcomfontengine.c
plutommi\mmi\miscframework\miscframeworksrc\plmnname.c
plutommi\mmi\miscframework\miscframeworksrc\profilingengine.c
plutommi\mmi\miscframework\miscframeworksrc\pwroncharger.c
plutommi\mmi\miscframework\miscframeworksrc\quickaccessmenuitem.c
plutommi\mmi\miscframework\miscframeworksrc\screenrotation.c
plutommi\mmi\miscframework\miscframeworksrc\shutdownapp.c
plutommi\mmi\miscframework\miscframeworksrc\simaccess.c
plutommi\mmi\miscframework\miscframeworksrc\simdetection.c
plutommi\mmi\miscframework\miscframeworksrc\smlmenu.c
plutommi\mmi\miscframework\miscframeworksrc\smscore.c
plutommi\mmi\miscframework\miscframeworksrc\smsmsg.c
plutommi\mmi\miscframework\miscframeworksrc\smsutil.c
plutommi\mmi\miscframework\miscframeworksrc\smsbghandle.c
plutommi\mmi\miscframework\miscframeworksrc\ucs2.c
plutommi\mmi\miscframework\miscframeworksrc\Gsm7BitNationalLang.c
plutommi\mmi\mte\mtesrc\mte.c
plutommi\mmi\mslt\msltsrc\mslt.c
plutommi\mmi\resource\populateres.c
plutommi\mmi\resource\readres.c
plutommi\mmi\resource\writeres.c
plutommi\mmi\resource\ABMLoader.c
plutommi\mtkapp\csbrowser\csbrowsersrc\catscreenbrowser.c
plutommi\mtkapp\csbrowser\csbrowsersrc\csbentryhandlers.c
plutommi\mtkapp\csbrowser\csbrowsersrc\csbframework.c
plutommi\mtkapp\gdi\gdisrc\gd_2d_engine.c
plutommi\mtkapp\gdi\gdisrc\gd_primitive.c
plutommi\mtkapp\gdi\gdisrc\gd_primitive16.c
plutommi\mtkapp\gdi\gdisrc\gd_primitive24.c
plutommi\mtkapp\gdi\gdisrc\gd_primitive32.c
plutommi\mtkapp\gdi\gdisrc\gd_primitive32pargb.c
plutommi\mtkapp\gdi\gdisrc\gd_primitive8.c
plutommi\mtkapp\gdi\gdisrc\gdc_main.c
plutommi\mtkapp\gdi\gdisrc\gdd_main.c
plutommi\mtkapp\gdi\gdisrc\gdi.c
plutommi\mtkapp\gdi\gdisrc\gdi_2d_engine.c
plutommi\mtkapp\gdi\gdisrc\gdi_animate.c
plutommi\mtkapp\gdi\gdisrc\gdi_bytestream.c
plutommi\mtkapp\gdi\gdisrc\gdi_font.c
plutommi\mtkapp\gdi\gdisrc\gdi_image.c
plutommi\mtkapp\gdi\gdisrc\gdi_image_alpha_bmp.c
plutommi\mtkapp\gdi\gdisrc\gdi_image_alpha_bmp_v2.c
plutommi\mtkapp\gdi\gdisrc\gdi_image_alpha_bmp_v2_internal.c
plutommi\mtkapp\gdi\gdisrc\gdi_image_avatar.c
plutommi\mtkapp\gdi\gdisrc\gdi_image_bmp.c
plutommi\mtkapp\gdi\gdisrc\gdi_image_decoder.c
plutommi\mtkapp\gdi\gdisrc\gdi_image_dev_bmp.c
plutommi\mtkapp\gdi\gdisrc\gdi_image_gif.c
plutommi\mtkapp\gdi\gdisrc\gdi_image_hwgif.c
plutommi\mtkapp\gdi\gdisrc\gdi_image_hwjpg.c
plutommi\mtkapp\gdi\gdisrc\gdi_image_hwjpg_v2.c
plutommi\mtkapp\gdi\gdisrc\gdi_image_jpeg.c
plutommi\mtkapp\gdi\gdisrc\gdi_image_m3d.c
plutommi\mtkapp\gdi\gdisrc\gdi_image_png.c
plutommi\mtkapp\gdi\gdisrc\gdi_image_hwpng.c
plutommi\mtkapp\gdi\gdisrc\gdi_image_sequence.c
plutommi\mtkapp\gdi\gdisrc\gdi_image_svg.c
plutommi\mtkapp\gdi\gdisrc\gdi_image_virtualfile.c
plutommi\mtkapp\gdi\gdisrc\gdi_image_wbmp.c
plutommi\mtkapp\gdi\gdisrc\gdi_layer.c
plutommi\mtkapp\gdi\gdisrc\gdi_lcd.c
plutommi\mtkapp\gdi\gdisrc\gdi_lfs.c
plutommi\mtkapp\gdi\gdisrc\gdi_mutex.c
plutommi\mtkapp\gdi\gdisrc\gdi_primitive.c
plutommi\mtkapp\gdi\gdisrc\gdi_util.c
plutommi\mtkapp\gdi\gdisrc\gdi_ipp.c
plutommi\mtkapp\mmiapi\src\mmiapi_main.c
plutommi\mtkapp\mmiapi\src\mmiapi_sms.c
plutommi\mtkapp\mmiapi\src\mmiapi_sms_msg.c
plutommi\mtkapp\mmiapi\src\mmiapi_ui.c
plutommi\mtkapp\mmiapi\src\mmiapi_wap.c
plutommi\mtkapp\mtkappsrc\ctk.c
plutommi\mtkapp\mtkappsrc\wap_stub.c
plutommi\mtkapp\svg\svgsrc\svg_attribute.c
plutommi\mtkapp\svg\svgsrc\svg_element.c
plutommi\mtkapp\svg\svgsrc\svg_hash.c
plutommi\mtkapp\svg\svgsrc\svg_intersect.c
plutommi\mtkapp\svg\svgsrc\svg_main.c
plutommi\mtkapp\svg\svgsrc\svg_parser.c
plutommi\mtkapp\svg\svgsrc\svg_parser_animate.c
plutommi\mtkapp\svg\svgsrc\svg_parser_animate_motion.c
plutommi\mtkapp\svg\svgsrc\svg_parser_circle.c
plutommi\mtkapp\svg\svgsrc\svg_parser_defs.c
plutommi\mtkapp\svg\svgsrc\svg_parser_ellipse.c
plutommi\mtkapp\svg\svgsrc\svg_parser_font.c
plutommi\mtkapp\svg\svgsrc\svg_parser_group.c
plutommi\mtkapp\svg\svgsrc\svg_parser_image.c
plutommi\mtkapp\svg\svgsrc\svg_parser_line.c
plutommi\mtkapp\svg\svgsrc\svg_parser_path.c
plutommi\mtkapp\svg\svgsrc\svg_parser_polygline.c
plutommi\mtkapp\svg\svgsrc\svg_parser_polygon.c
plutommi\mtkapp\svg\svgsrc\svg_parser_rect.c
plutommi\mtkapp\svg\svgsrc\svg_parser_svg.c
plutommi\mtkapp\svg\svgsrc\svg_parser_switch.c
plutommi\mtkapp\svg\svgsrc\svg_parser_text.c
plutommi\mtkapp\svg\svgsrc\svg_parser_use.c
plutommi\mtkapp\svg\svgsrc\svg_pqueue.c
plutommi\mtkapp\svg\svgsrc\svg_render.c
plutommi\mtkapp\svg\svgsrc\svg_render_animate.c
plutommi\mtkapp\svg\svgsrc\svg_render_animate_motion.c
plutommi\mtkapp\svg\svgsrc\svg_render_circle.c
plutommi\mtkapp\svg\svgsrc\svg_render_ellipse.c
plutommi\mtkapp\svg\svgsrc\svg_render_image.c
plutommi\mtkapp\svg\svgsrc\svg_render_line.c
plutommi\mtkapp\svg\svgsrc\svg_render_path.c
plutommi\mtkapp\svg\svgsrc\svg_render_rect.c
plutommi\mtkapp\svg\svgsrc\svg_render_svp.c
plutommi\mtkapp\svg\svgsrc\svg_render_text.c
plutommi\mtkapp\svg\svgsrc\svg_render_use.c
plutommi\mtkapp\svg\svgsrc\svg_render_vpath.c
plutommi\mtkapp\svg\svgsrc\svg_smalloc.c
plutommi\mtkapp\svg\svgsrc\svg_style.c
plutommi\mtkapp\svg\svgsrc\svg_svp.c
plutommi\mtkapp\svg\svgsrc\svg_transform.c
plutommi\mtkapp\svg\svgsrc\svg_util.c
plutommi\mtkapp\svg\svgsrc\svg_viewer.c
plutommi\mtkapp\svg\svgsrc\svg_viewport.c
plutommi\mtkapp\svg\svgsrc\svg_vpath.c
plutommi\mtkapp\svg\svgsrc\svg_work_buffer.c
vendor\inputmethod\mtk\mtkmultitap.c
plutommi\mtkapp\SoftwareTracer\SoftwareTracerSrc\SoftwareTracerSettingMode.c
plutommi\mtkapp\SoftwareTracer\SoftwareTracerSrc\SoftwareTracerAnalyzingMode.c
plutommi\mtkapp\SoftwareTracer\SoftwareTracerSrc\SoftwareTracerMoDIS.c
plutommi\mtkapp\SoftwareTracer\SoftwareTracerSrc\SoftwareTracerCommonFunc.c
plutommi\mtkapp\SoftwareTracer\SoftwareTracerSrc\SoftwareTracer.c
;Vogins Start
plutommi\mmi\framework\memmanager\memmanagersrc\MediaMemMgr.c
;Vogins End