plutommi\mmi\asyncevents\asynceventssrc\hardwareeventhandler.c
plutommi\mmi\asyncevents\asynceventssrc\protocoleventhandler.c
plutommi\mmi\athandler\athandlersrc\athandler.c
plutommi\mmi\calls\callssrc\calllog.c
plutommi\mmi\calls\callssrc\callscost.c
plutommi\mmi\calls\callssrc\callshistorymain.c
plutommi\mmi\calls\callssrc\callsreset.c
plutommi\mmi\calls\callssrc\callssmscounter.c
plutommi\mmi\calls\callssrc\calltimes.c
plutommi\mmi\cphs\cphssrc\cphsprotocolhandlers.c
plutommi\mmi\cphs\cphssrc\csp.c
plutommi\mmi\cphs\cphssrc\infonum.c
plutommi\mmi\customerservice\customerservicesrc\custserviceappmain.c
plutommi\mmi\datetime\datetimesrc\datetime.c
plutommi\mmi\dictionary\dictsrc\dictionarymain.c
plutommi\mmi\ebookreader\ebooksrc\ebookframework.c
plutommi\mmi\ebookreader\ebooksrc\ebooksrc.c
plutommi\mmi\extra\extrasrc\bmi.c
plutommi\mmi\extra\extrasrc\calculator.c
plutommi\mmi\extra\extrasrc\currencyconvertor.c
plutommi\mmi\extra\extrasrc\extra.c
plutommi\mmi\extra\extrasrc\ecompass.c
plutommi\mmi\extra\extrasrc\healthmenstural.c
plutommi\mmi\extra\extrasrc\shortcuts.c
plutommi\mmi\extra\extrasrc\stopwatchmultipurpose.c
plutommi\mmi\extra\extrasrc\stopwatchtypical.c
plutommi\mmi\extra\extrasrc\unitconvertor.c
plutommi\mmi\extra\extrasrc\zakatcalculator.c
plutommi\mmi\gpio\gpiosrc\generaldeviceinterface.c
plutommi\mmi\gpio\gpiosrc\volumehandler.c
plutommi\mmi\gsmcallapplication\commonfiles\commonsrc\autoredialattemptex.c
plutommi\mmi\gsmcallapplication\commonfiles\commonsrc\callstructuremanagementex.c
plutommi\mmi\gsmcallapplication\commonfiles\commonsrc\cmerrorhandlersex.c
plutommi\mmi\gsmcallapplication\commonfiles\commonsrc\commonstubsex.c
plutommi\mmi\gsmcallapplication\commonfiles\commonsrc\historyhelperex.c
plutommi\mmi\gsmcallapplication\commonfiles\commonsrc\mapstructure2mmiex.c
plutommi\mmi\gsmcallapplication\commonfiles\commonsrc\pscallhelperex.c
plutommi\mmi\gsmcallapplication\incomingcallmanagement\incomingsrc\callmanagementincomingex.c
plutommi\mmi\gsmcallapplication\outgoingcallmanagement\outgoingsrc\outgoingcallhelperex.c
plutommi\mmi\gsmcallapplication\outgoingcallmanagement\outgoingsrc\outgoingcallmanagementex.c
plutommi\mmi\gsmcallapplication\outgoingcallmanagement\outgoingsrc\textphonecontrolex.c
plutommi\mmi\help\helpsrc\help.c
plutommi\mmi\idlescreen\idlescreensrc\idleapp.c
plutommi\mmi\idlescreen\idlescreensrc\idlehomescreen.c
plutommi\mmi\idlescreen\idlescreensrc\idlehomescreengprot.c
plutommi\mmi\idlescreen\idlescreensrc\idletoolbar.c
plutommi\mmi\idlescreen\idlescreensrc\idletoolbarconfig.c
plutommi\mmi\idlescreen\idlescreensrc\idlenotificationmanager.c
plutommi\mmi\idlescreen\idlescreensrc\idlenotificationmanagerconfig.c
plutommi\mmi\idlescreen\idlescreensrc\idlevenus.c
plutommi\mmi\idlescreen\idlescreensrc\idlerecentevent.c
plutommi\mmi\idlescreen\idlescreensrc\idledialpad.c
plutommi\mmi\idlescreen\idlescreensrc\idlescreensaver.c
plutommi\mmi\idlescreen\idlescreensrc\miscfunctions.c
plutommi\mmi\idlescreen\idlescreensrc\spdi.c
plutommi\mmi\mainmenu\mainmenusrc\mainmenu.c
plutommi\mmi\messages\messagessrc\cellbroadcast.c
plutommi\mmi\messages\messagessrc\emsmiscell.c
plutommi\mmi\messages\messagessrc\messagesmiscell.c
plutommi\mmi\messages\messagessrc\smsmomtguiinterface.c
plutommi\mmi\messages\messagessrc\smspshandler.c
plutommi\mmi\messages\messagessrc\SmsAppCommonUI.c
plutommi\mmi\messages\messagessrc\SmsAppEditor.c
plutommi\mmi\messages\messagessrc\SmsAppEms.c
plutommi\mmi\messages\messagessrc\SmsAppMainUI.c
plutommi\mmi\messages\messagessrc\SmsAppMisc.c
plutommi\mmi\messages\messagessrc\SmsAppMsg.c
plutommi\mmi\messages\messagessrc\SmsAppSendMsg.c
plutommi\mmi\messages\messagessrc\SmsAppSetting.c
plutommi\mmi\messages\messagessrc\SmsAppTemplates.c
plutommi\mmi\messages\messagessrc\SmsAppUM.c
plutommi\mmi\messages\messagessrc\SmsAppUtil.c
plutommi\mmi\messages\messagessrc\Voicemail.c
plutommi\mmi\mobileservice\mobileservicesrc\mobileserviceappmain.c
plutommi\mmi\nitzhandler\nitzsource\nitz.c
plutommi\mmi\organizer\organizersrc\alarm.c
plutommi\mmi\organizer\organizersrc\alarmframework.c
plutommi\mmi\organizer\organizersrc\birthday.c
plutommi\mmi\organizer\organizersrc\calendar.c
plutommi\mmi\organizer\organizersrc\organizer.c
plutommi\mmi\organizer\organizersrc\todolist.c
plutommi\mmi\organizer\organizersrc\todolistdata.c
plutommi\mmi\organizer\organizersrc\todolistdb.c
plutommi\mmi\organizer\organizersrc\ToDoListApp.c
plutommi\mmi\organizer\organizersrc\todolistutil.c
plutommi\mmi\Organizer\IndianCalendar\IndianCalendarSrc\IndianCalendar.c
plutommi\mmi\Organizer\HijriCalendar\HijriCalendarSrc\HijriCalendar.c
plutommi\mmi\organizer\organizersrc\worldclock.c
plutommi\mmi\organizer\organizersrc\NoteApp.c
plutommi\mmi\phonebook\phonebooksrc\phonebookcallergroups.c
plutommi\mmi\phonebook\phonebooksrc\phonebookextranumber.c
plutommi\mmi\phonebook\phonebooksrc\phonebookjavahandler.c
plutommi\mmi\phonebook\phonebooksrc\phonebookmain.c
plutommi\mmi\phonebook\phonebooksrc\phonebookoperatemass.c
plutommi\mmi\phonebook\phonebooksrc\phonebookoperatesingle.c
plutommi\mmi\phonebook\phonebooksrc\phonebooksearch.c
plutommi\mmi\phonebook\phonebooksrc\phonebooksettings.c
plutommi\mmi\phonebook\phonebooksrc\phonebookstubstoothers.c
plutommi\mmi\phonebook\phonebooksrc\phonebookPBAP.c
plutommi\mmi\phonebook\phonebooksrc\phonebookspeeddial.c
plutommi\mmi\profiles\profilessrc\settingprof.c
plutommi\mmi\profiles\profilessrc\settingscreenprof.c
plutommi\mmi\sat\satsrc\mexe.c
plutommi\mmi\sat\satsrc\sat.c
plutommi\mmi\sat\satsrc\service.c
plutommi\mmi\sat\satsrc\simrefresh.c
plutommi\mmi\setting\settingsrc\apncontrollist.c
plutommi\mmi\setting\settingsrc\barreddiallist.c
plutommi\mmi\setting\settingsrc\callbarring.c
plutommi\mmi\setting\settingsrc\callerid.c
plutommi\mmi\setting\settingsrc\callfixeddiallist.c
plutommi\mmi\setting\settingsrc\callforwarding.c
plutommi\mmi\setting\settingsrc\callwaiting.c
plutommi\mmi\setting\settingsrc\dateandtime.c
plutommi\mmi\setting\settingsrc\flightmode.c
plutommi\mmi\setting\settingsrc\grouplist.c
plutommi\mmi\setting\settingsrc\lineswitching.c
plutommi\mmi\setting\settingsrc\managecallmain.c
plutommi\mmi\setting\settingsrc\mmi_phnset_dispchar.c
plutommi\mmi\setting\settingsrc\networksetup.c
plutommi\mmi\setting\settingsrc\networksetupdualmode.c
plutommi\mmi\setting\settingsrc\phnsetgpio.c
plutommi\mmi\setting\settingsrc\phonesetup.c
plutommi\mmi\setting\settingsrc\poweronoffdisplay.c
plutommi\mmi\setting\settingsrc\preferedinputmethodsetting.c
plutommi\mmi\setting\settingsrc\preferredmode.c
plutommi\mmi\setting\settingsrc\preferrednwks.c
plutommi\mmi\setting\settingsrc\prefnwksstubfromothers.c
plutommi\mmi\setting\settingsrc\restore.c
plutommi\mmi\setting\settingsrc\scheduledpoweronoff.c
plutommi\mmi\setting\settingsrc\screensaver.c
plutommi\mmi\setting\settingsrc\securitysetup.c
plutommi\mmi\setting\settingsrc\settingsrc.c
plutommi\mmi\setting\settingsrc\soundeffect.c
plutommi\mmi\setting\settingsrc\userctrlplmn.c
plutommi\mmi\setting\settingsrc\wallpaper.c
plutommi\mmi\setting\settingsrc\MMIThemes.c
plutommi\mmi\setting\settingsrc\RestoreServiceHdlr.c
plutommi\mmi\smartmessage\smartmessagesrc\cli_icon.c
plutommi\mmi\smartmessage\smartmessagesrc\commonnsm.c
plutommi\mmi\smartmessage\smartmessagesrc\mypicture.c
plutommi\mmi\smartmessage\smartmessagesrc\mytone.c
plutommi\mmi\smartmessage\smartmessagesrc\operator_logo.c
plutommi\mmi\smartmessage\smartmessagesrc\picturemsg.c
plutommi\mmi\smartmessage\smartmessagesrc\smrtringtoneconverter.c
plutommi\mmi\ssc\sscsrc\sscstringhandle.c
plutommi\mmi\ucm\ucmsrc\ucmacthdlr.c
plutommi\mmi\ucm\ucmsrc\ucminterface.c
plutommi\mmi\ucm\ucmsrc\ucmmain.c
plutommi\mmi\ucm\ucmsrc\ucmsetting.c
plutommi\mmi\ucm\ucmsrc\ucmui.c
plutommi\mmi\ucm\ucmsrc\ucmutil.c
plutommi\mmi\unifiedcomposer\unifiedcomposersrc\unifiedcomposermain.c
plutommi\mmi\unifiedcomposer\unifiedcomposersrc\unifiedcomposermiscell.c
plutommi\mmi\unifiedcomposer\unifiedcomposersrc\unifiedcomposermsg.c
plutommi\mmi\unifiedmessage\unifiedmessagesrc\unifiedmessagemain.c
plutommi\mmi\unifiedmessage\unifiedmessagesrc\unifiedmessagemiscell.c
plutommi\mmi\unifiedmessage\unifiedmessagesrc\unifiedmessagemsg.c
plutommi\mmi\unifiedmessage\unifiedmessagesrc\unifiedmessageuiinterface.c
plutommi\mmi\unifiedmessage\unifiedmessagesrc\UMAdaptor.c
plutommi\mmi\unifiedmessage\unifiedmessagesrc\UMApperance.c
plutommi\mmi\unifiedmessage\unifiedmessagesrc\UMCentralCtrl.bak
plutommi\mmi\unifiedmessage\unifiedmessagesrc\UMCentralCtrl.c
plutommi\mmi\unifiedmessage\unifiedmessagesrc\UMFsm.c
plutommi\mmi\unifiedmessage\unifiedmessagesrc\UMInterface.c
plutommi\mmi\unifiedmessage\unifiedmessagesrc\UMMain.c
plutommi\mmi\unifiedmessage\unifiedmessagesrc\UMScrHdlr.c
plutommi\mmi\unifiedmessage\unifiedmessagesrc\UMSrvCacheMgr.c
plutommi\mmi\unifiedmessage\unifiedmessagesrc\UMSrvInterface.c
plutommi\mmi\unifiedmessage\unifiedmessagesrc\UMSrvMain.c
plutommi\mmi\unifiedmessage\unifiedmessagesrc\UMSrvMsgHandler.c
plutommi\mmi\unifiedmessage\unifiedmessagesrc\UMUtility.c
plutommi\mmi\unifiedmms\mmscommon\mmscommonsrc\mmsmemory.c
plutommi\mmi\unifiedmms\mmscommon\mmscommonsrc\mmsmessagedispatch.c
plutommi\mmi\unifiedmms\mmscommon\mmscommonsrc\mmsxmldecoder.c
plutommi\mmi\unifiedmms\mmscommon\mmscommonsrc\mmsxmlencode.c
plutommi\mmi\UnifiedMMS\MMSCommon\MMSCommonSrc\MMSUseDetailParser.c
plutommi\mmi\videocall\videocallsrc\vtacthdlr.c
plutommi\mmi\videocall\videocallsrc\vtcallscr.c
plutommi\mmi\videocall\videocallsrc\vtmain.c
plutommi\mmi\videocall\videocallsrc\vtutil.c
plutommi\mmi\voip\voipsrc\voipcall.c
plutommi\mmi\voip\voipsrc\voipinterface.c
plutommi\mmi\voip\voipsrc\voipmain.c
plutommi\mmi\voip\voipsrc\voipmsghdlr.c
plutommi\mmi\voip\voipsrc\voipotapdmp.c
plutommi\mmi\voip\voipsrc\voipsetting.c
plutommi\mmi\voip\voipsrc\voipsignal.c
plutommi\mmi\voip\voipsrc\voiputil.c
plutommi\mmi\voip\voipsrc\voipvoice.c
plutommi\mtkapp\EngineerMode\EngineerModeApp\EngineerModeAppSrc\EngineerModeAudio.c
plutommi\mtkapp\EngineerMode\EngineerModeApp\EngineerModeAppSrc\EngineerModeBT.c
plutommi\mtkapp\EngineerMode\EngineerModeApp\EngineerModeAppSrc\EngineerModeDebugInfo.c
plutommi\mtkapp\EngineerMode\EngineerModeApp\EngineerModeAppSrc\EngineerModeDevice.c
plutommi\mtkapp\EngineerMode\EngineerModeApp\EngineerModeAppSrc\EngineerModeDM.c
plutommi\mtkapp\EngineerMode\EngineerModeApp\EngineerModeAppSrc\EngineerModeFRMProfiling.c
plutommi\mtkapp\EngineerMode\EngineerModeApp\EngineerModeAppSrc\EngineerModeFSTestCore.c
plutommi\mtkapp\EngineerMode\EngineerModeApp\EngineerModeAppSrc\EngineerModeFSTestUI.c
plutommi\mtkapp\EngineerMode\EngineerModeApp\EngineerModeAppSrc\EngineerModeGPRS.c
plutommi\mtkapp\EngineerMode\EngineerModeApp\EngineerModeAppSrc\EngineerModeGPS.c
plutommi\mtkapp\EngineerMode\EngineerModeApp\EngineerModeAppSrc\EngineerModeInetApp.c
plutommi\mtkapp\EngineerMode\EngineerModeApp\EngineerModeAppSrc\EngineerModeIperf.c
plutommi\mtkapp\EngineerMode\EngineerModeApp\EngineerModeAppSrc\EngineerModeMiniGPS.c
plutommi\mtkapp\EngineerMode\EngineerModeApp\EngineerModeAppSrc\EngineerModeMisc.c
plutommi\mtkapp\EngineerMode\EngineerModeApp\EngineerModeAppSrc\EngineerModeMMIFramework.c
plutommi\mtkapp\EngineerMode\EngineerModeApp\EngineerModeAppSrc\EngineerModeMotion.c
plutommi\mtkapp\EngineerMode\EngineerModeApp\EngineerModeAppSrc\EngineerModeMultimedia.c
plutommi\mtkapp\EngineerMode\EngineerModeApp\EngineerModeAppSrc\EngineerModePCSNetwork.c
plutommi\mtkapp\EngineerMode\EngineerModeApp\EngineerModeAppSrc\EngineerModePMIC.c
plutommi\mtkapp\EngineerMode\EngineerModeApp\EngineerModeAppSrc\EngineerModeProfiling.c
plutommi\mtkapp\EngineerMode\EngineerModeApp\EngineerModeAppSrc\EngineerModeRFtest.c
plutommi\mtkapp\EngineerMode\EngineerModeApp\EngineerModeAppSrc\EngineerModeSocketApp.c
plutommi\mtkapp\EngineerMode\EngineerModeApp\EngineerModeAppSrc\EngineerModeSocketDemoApp.c
plutommi\mtkapp\EngineerMode\EngineerModeApp\EngineerModeAppSrc\EngineerModeStorage.c
plutommi\mtkapp\EngineerMode\EngineerModeApp\EngineerModeAppSrc\EngineerModeVOIP.c
plutommi\mtkapp\EngineerMode\EngineerModeEngine\EngineerModeEngineSrc\EngineerModeMain.c
plutommi\mtkapp\EngineerMode\EngineerModeEngine\EngineerModeEngineSrc\EngineerModeUtil.c
plutommi\mtkapp\FactoryMode\FactoryModeSrc\FactoryModeGPS.c
plutommi\mtkapp\FactoryMode\FactoryModeSrc\FactoryModeMsgSrc.c
plutommi\mtkapp\FactoryMode\FactoryModeSrc\FactoryModeSrc.c
plutommi\MtkApp\AGPSLog\AGPSLogSrc\EngineerModeAGPSlogUI.c
plutommi\MtkApp\AGPSLog\AGPSLogSrc\EngineerModeAGPSlogCore.c
plutommi\MtkApp\AGPSLog\AGPSLogSrc\EngineerModeAGPSlogService.c
plutommi\MtkApp\AGPSLog\AGPSLogSrc\EngineerModeAGPSlogStringDef.c
plutommi\mtkapp\filemgr\filemgrsrc\filemgrcommon.c
plutommi\mtkapp\filemgr\filemgrsrc\filemgrfsdata.c
plutommi\mtkapp\filemgr\filemgrsrc\filemgrgui.c
plutommi\mtkapp\filemgr\filemgrsrc\filemgrinstance.c
plutommi\mtkapp\filemgr\filemgrsrc\filemgrmain.c
plutommi\mtkapp\filemgr\filemgrsrc\filemgrservice.c
plutommi\mtkapp\filemgr\filemgrsrc\filemgrservicehdlr.c
plutommi\mtkapp\filemgr\filemgrsrc\filemgrtable.c
plutommi\mtkapp\filemgr\filemgrsrc\filemgrutil.c
plutommi\mtkapp\filemgr\filemgrsrc\profilemgr.c
plutommi\mtkapp\mmspostcard\mmspostcardsrc\mmspostcardaddress.c
plutommi\mtkapp\mmspostcard\mmspostcardsrc\mmspostcardmain.c
plutommi\mtkapp\myfavorite\myfavoritesrc\myfavorite.c
plutommi\mtkapp\pictbridge\pictbridgesrc\pictbridgefiles.c
plutommi\mtkapp\pictbridge\pictbridgesrc\pictbridgefmgr.c
plutommi\mtkapp\pictbridge\pictbridgesrc\pictbridgehandler.c
plutommi\mtkapp\pictbridge\pictbridgesrc\pictbridgemain.c
plutommi\mtkapp\pictbridge\pictbridgesrc\pictbridgesettings.c
plutommi\mtkapp\pictbridge\pictbridgesrc\pictbridgexml.c
plutommi\mtkapp\rightsmgr\rightsmgrsrc\rightsmgr.c
plutommi\mtkapp\rightsmgr\rightsmgrsrc\rightsmgrutil.c
plutommi\mtkapp\rightsmgr\rightsmgrsrc\rightsmgrgeninfo.c
plutommi\mtkapp\rightsmgr\rightsmgrsrc\rightsmgrlistro.c
plutommi\mtkapp\rightsmgr\rightsmgrsrc\rightsmgrsweep.c
plutommi\mtkapp\rightsmgr\rightsmgrsrc\rightsmgrui.c
plutommi\mtkapp\rightsmgr\rightsmgrsrc\rightsmgrwhitelist.c
plutommi\mtkapp\vobjects\vobjectsrc\vbookmark.c
plutommi\mtkapp\vobjects\vobjectsrc\vcalendar.c
plutommi\mtkapp\vobjects\vobjectsrc\vcard.c
plutommi\mtkapp\vobjects\vobjectsrc\vobjects.c
plutommi\mtkapp\GPS\GPSSrc\GPSMgr.c
plutommi\mtkapp\GPS\GPSSrc\GPSSetting.c
plutommi\mtkapp\GPS\GPSSrc\AGPSSUPLOTAP.c
plutommi\mmi\UDX\UDXSrc\UDXScr.c
plutommi\mmi\UDX\UDXSrc\UDXHdlr.c
plutommi\mmi\UDX\UDXSrc\UDXMain.c
plutommi\mtkapp\searchweb\searchwebsrc\searchwebcommon.c
plutommi\mtkapp\searchweb\searchwebsrc\searchwebbaiduconfig.c
plutommi\mtkapp\searchweb\searchwebsrc\searchwebbaidu.c
;Vogins Start
plutommi\mtkapp\VREAPP\VREAPPSrc\VREAPPEntry.c
plutommi\mtkapp\VREAPP\VREAPPSrc\AMShortcut.c
plutommi\mtkapp\VREAPP\VREAPPSrc\AMApp.c
plutommi\mtkapp\VREAPP\VREAPPSrc\AMConfig.c
plutommi\mtkapp\VREAPP\VREAPPSrc\AMMainScreen.c
plutommi\mtkapp\VREAPP\VREAPPSrc\AMProxy.c
plutommi\mtkapp\VREAPP\VREAPPSrc\AMScreens.c
plutommi\mtkapp\VREAPP\VREAPPSrc\AMUtil.c
plutommi\mtkapp\VREAPP\VREAPPSrc\AMZiMoRes.c
plutommi\mtkapp\VREAPP\VREAPPSrc\liblist.c
plutommi\mtkapp\VREAPP\VREAPPSrc\AMPromptScreen.c
;Vogins End